-------------------------------------------------------------------------------
Test set: TestRunner.TestRunner
-------------------------------------------------------------------------------
Tests run: 1, Failures: 1, Errors: 0, Skipped: 0, Time elapsed: 83.821 s <<< FAILURE! - in TestRunner.TestRunner
null on TestRunner.TestRunner(TestRunner.TestRunner)  Time elapsed: 83.613 s  <<< FAILURE!
java.lang.NoSuchFieldError: Justify

